{
  "timestamp": "2026-02-03T14:23:11.682Z",
  "duration_ms": 24,
  "stats": {
    "total_rows": 489,
    "empty_rows_skipped": 139,
    "matched": 344,
    "not_found": 6,
    "errors": [],
    "warnings": []
  },
  "details": [
    {
      "type": "matched",
      "row": 2,
      "job_number": "900-03",
      "line_number": "2",
      "order_item_id": 1074
    },
    {
      "type": "matched",
      "row": 3,
      "job_number": "69279",
      "line_number": "4",
      "order_item_id": 717
    },
    {
      "type": "matched",
      "row": 5,
      "job_number": "69605",
      "line_number": "1",
      "order_item_id": 718
    },
    {
      "type": "matched",
      "row": 6,
      "job_number": "69605",
      "line_number": "2",
      "order_item_id": 719
    },
    {
      "type": "matched",
      "row": 7,
      "job_number": "69605",
      "line_number": "3",
      "order_item_id": 720
    },
    {
      "type": "matched",
      "row": 8,
      "job_number": "69605",
      "line_number": "4",
      "order_item_id": 721
    },
    {
      "type": "matched",
      "row": 9,
      "job_number": "69605",
      "line_number": "5",
      "order_item_id": 722
    },
    {
      "type": "matched",
      "row": 10,
      "job_number": "69605",
      "line_number": "6",
      "order_item_id": 723
    },
    {
      "type": "matched",
      "row": 12,
      "job_number": "70131",
      "line_number": "1",
      "order_item_id": 724
    },
    {
      "type": "matched",
      "row": 14,
      "job_number": "70586",
      "line_number": "21",
      "order_item_id": 725
    },
    {
      "type": "matched",
      "row": 16,
      "job_number": "71374",
      "line_number": "1",
      "order_item_id": 726
    },
    {
      "type": "matched",
      "row": 17,
      "job_number": "71375",
      "line_number": "2",
      "order_item_id": 727
    },
    {
      "type": "matched",
      "row": 19,
      "job_number": "71480",
      "line_number": "1",
      "order_item_id": 728
    },
    {
      "type": "matched",
      "row": 21,
      "job_number": "71512",
      "line_number": "1",
      "order_item_id": 729
    },
    {
      "type": "matched",
      "row": 23,
      "job_number": "71609",
      "line_number": "1",
      "order_item_id": 730
    },
    {
      "type": "matched",
      "row": 24,
      "job_number": "71610",
      "line_number": "2",
      "order_item_id": 731
    },
    {
      "type": "matched",
      "row": 25,
      "job_number": "71611",
      "line_number": "4",
      "order_item_id": 732
    },
    {
      "type": "matched",
      "row": 26,
      "job_number": "71612",
      "line_number": "5",
      "order_item_id": 733
    },
    {
      "type": "matched",
      "row": 27,
      "job_number": "71613",
      "line_number": "6",
      "order_item_id": 734
    },
    {
      "type": "matched",
      "row": 29,
      "job_number": "71669",
      "line_number": "1",
      "order_item_id": 735
    },
    {
      "type": "matched",
      "row": 31,
      "job_number": "71718",
      "line_number": "2",
      "order_item_id": 736
    },
    {
      "type": "matched",
      "row": 33,
      "job_number": "71742",
      "line_number": "1",
      "order_item_id": 741
    },
    {
      "type": "matched",
      "row": 35,
      "job_number": "71829",
      "line_number": "1",
      "order_item_id": 742
    },
    {
      "type": "matched",
      "row": 37,
      "job_number": "71851",
      "line_number": "1",
      "order_item_id": 743
    },
    {
      "type": "matched",
      "row": 38,
      "job_number": "71873",
      "line_number": "2",
      "order_item_id": 746
    },
    {
      "type": "matched",
      "row": 39,
      "job_number": "72330",
      "line_number": "5",
      "order_item_id": 786
    },
    {
      "type": "matched",
      "row": 41,
      "job_number": "71852",
      "line_number": "1",
      "order_item_id": 744
    },
    {
      "type": "matched",
      "row": 42,
      "job_number": "71853",
      "line_number": "2",
      "order_item_id": 745
    },
    {
      "type": "matched",
      "row": 44,
      "job_number": "72023",
      "line_number": "1",
      "order_item_id": 748
    },
    {
      "type": "matched",
      "row": 45,
      "job_number": "72024",
      "line_number": "2",
      "order_item_id": 749
    },
    {
      "type": "matched",
      "row": 46,
      "job_number": "72331",
      "line_number": "5",
      "order_item_id": 787
    },
    {
      "type": "matched",
      "row": 48,
      "job_number": "72028",
      "line_number": "1",
      "order_item_id": 750
    },
    {
      "type": "matched",
      "row": 50,
      "job_number": "72083",
      "line_number": "1",
      "order_item_id": 751
    },
    {
      "type": "matched",
      "row": 51,
      "job_number": "72084",
      "line_number": "2",
      "order_item_id": 752
    },
    {
      "type": "matched",
      "row": 52,
      "job_number": "72278",
      "line_number": "4",
      "order_item_id": 779
    },
    {
      "type": "matched",
      "row": 54,
      "job_number": "72085",
      "line_number": "1",
      "order_item_id": 753
    },
    {
      "type": "matched",
      "row": 55,
      "job_number": "72086",
      "line_number": "2",
      "order_item_id": 754
    },
    {
      "type": "matched",
      "row": 56,
      "job_number": "72279",
      "line_number": "4",
      "order_item_id": 780
    },
    {
      "type": "matched",
      "row": 57,
      "job_number": "72459",
      "line_number": "5",
      "order_item_id": 798
    },
    {
      "type": "matched",
      "row": 58,
      "job_number": "72460",
      "line_number": "6",
      "order_item_id": 799
    },
    {
      "type": "not_found",
      "row": 60,
      "job_number": "72113",
      "line_number": "1"
    },
    {
      "type": "matched",
      "row": 61,
      "job_number": "72113",
      "line_number": "2",
      "order_item_id": 756
    },
    {
      "type": "matched",
      "row": 62,
      "job_number": "72113",
      "line_number": "3",
      "order_item_id": 757
    },
    {
      "type": "matched",
      "row": 63,
      "job_number": "72113",
      "line_number": "4",
      "order_item_id": 758
    },
    {
      "type": "matched",
      "row": 64,
      "job_number": "72113",
      "line_number": "5",
      "order_item_id": 759
    },
    {
      "type": "matched",
      "row": 65,
      "job_number": "72113",
      "line_number": "6",
      "order_item_id": 760
    },
    {
      "type": "matched",
      "row": 67,
      "job_number": "72139",
      "line_number": "1",
      "order_item_id": 761
    },
    {
      "type": "matched",
      "row": 68,
      "job_number": "72140",
      "line_number": "2",
      "order_item_id": 762
    },
    {
      "type": "matched",
      "row": 69,
      "job_number": "72141",
      "line_number": "3",
      "order_item_id": 763
    },
    {
      "type": "matched",
      "row": 70,
      "job_number": "72142",
      "line_number": "4",
      "order_item_id": 764
    },
    {
      "type": "matched",
      "row": 71,
      "job_number": "72143",
      "line_number": "5",
      "order_item_id": 765
    },
    {
      "type": "matched",
      "row": 72,
      "job_number": "72144",
      "line_number": "6",
      "order_item_id": 766
    },
    {
      "type": "matched",
      "row": 73,
      "job_number": "72145",
      "line_number": "7",
      "order_item_id": 767
    },
    {
      "type": "matched",
      "row": 74,
      "job_number": "72146",
      "line_number": "8",
      "order_item_id": 768
    },
    {
      "type": "matched",
      "row": 75,
      "job_number": "72147",
      "line_number": "9",
      "order_item_id": 769
    },
    {
      "type": "matched",
      "row": 77,
      "job_number": "72234",
      "line_number": "1",
      "order_item_id": 770
    },
    {
      "type": "matched",
      "row": 78,
      "job_number": "72235",
      "line_number": "2",
      "order_item_id": 771
    },
    {
      "type": "matched",
      "row": 79,
      "job_number": "72236",
      "line_number": "3",
      "order_item_id": 772
    },
    {
      "type": "matched",
      "row": 80,
      "job_number": "72237",
      "line_number": "4",
      "order_item_id": 773
    },
    {
      "type": "matched",
      "row": 81,
      "job_number": "72238",
      "line_number": "5",
      "order_item_id": 774
    },
    {
      "type": "matched",
      "row": 82,
      "job_number": "72239",
      "line_number": "6",
      "order_item_id": 775
    },
    {
      "type": "matched",
      "row": 83,
      "job_number": "72240",
      "line_number": "7",
      "order_item_id": 776
    },
    {
      "type": "matched",
      "row": 84,
      "job_number": "72241",
      "line_number": "8",
      "order_item_id": 777
    },
    {
      "type": "matched",
      "row": 85,
      "job_number": "72242",
      "line_number": "9",
      "order_item_id": 778
    },
    {
      "type": "matched",
      "row": 87,
      "job_number": "72280",
      "line_number": "1",
      "order_item_id": 781
    },
    {
      "type": "matched",
      "row": 88,
      "job_number": "72948",
      "line_number": "2",
      "order_item_id": 1013
    },
    {
      "type": "matched",
      "row": 90,
      "job_number": "72297",
      "line_number": "1",
      "order_item_id": 782
    },
    {
      "type": "matched",
      "row": 92,
      "job_number": "72326",
      "line_number": "1",
      "order_item_id": 783
    },
    {
      "type": "matched",
      "row": 93,
      "job_number": "72327",
      "line_number": "2",
      "order_item_id": 784
    },
    {
      "type": "matched",
      "row": 94,
      "job_number": "72328",
      "line_number": "3",
      "order_item_id": 785
    },
    {
      "type": "matched",
      "row": 96,
      "job_number": "72367",
      "line_number": "1",
      "order_item_id": 788
    },
    {
      "type": "matched",
      "row": 97,
      "job_number": "72368",
      "line_number": "2",
      "order_item_id": 789
    },
    {
      "type": "matched",
      "row": 99,
      "job_number": "72373",
      "line_number": "1",
      "order_item_id": 790
    },
    {
      "type": "matched",
      "row": 101,
      "job_number": "72395",
      "line_number": "1",
      "order_item_id": 791
    },
    {
      "type": "matched",
      "row": 103,
      "job_number": "72422",
      "line_number": "1",
      "order_item_id": 792
    },
    {
      "type": "matched",
      "row": 105,
      "job_number": "72425",
      "line_number": "50",
      "order_item_id": 793
    },
    {
      "type": "matched",
      "row": 107,
      "job_number": "72438",
      "line_number": "1",
      "order_item_id": 794
    },
    {
      "type": "matched",
      "row": 108,
      "job_number": "72439",
      "line_number": "2",
      "order_item_id": 795
    },
    {
      "type": "matched",
      "row": 109,
      "job_number": "72440",
      "line_number": "3",
      "order_item_id": 796
    },
    {
      "type": "matched",
      "row": 110,
      "job_number": "72441",
      "line_number": "4",
      "order_item_id": 797
    },
    {
      "type": "matched",
      "row": 112,
      "job_number": "72502",
      "line_number": "6",
      "order_item_id": 800
    },
    {
      "type": "matched",
      "row": 114,
      "job_number": "72507",
      "line_number": "5",
      "order_item_id": 801
    },
    {
      "type": "matched",
      "row": 116,
      "job_number": "72517",
      "line_number": "1",
      "order_item_id": 802
    },
    {
      "type": "matched",
      "row": 117,
      "job_number": "72906",
      "line_number": "2",
      "order_item_id": 1083
    },
    {
      "type": "matched",
      "row": 119,
      "job_number": "72573",
      "line_number": "3 + 4",
      "order_item_id": 1084
    },
    {
      "type": "matched",
      "row": 121,
      "job_number": "72580",
      "line_number": "1",
      "order_item_id": 807
    },
    {
      "type": "matched",
      "row": 122,
      "job_number": "72581",
      "line_number": "2",
      "order_item_id": 808
    },
    {
      "type": "matched",
      "row": 123,
      "job_number": "72582",
      "line_number": "3",
      "order_item_id": 809
    },
    {
      "type": "matched",
      "row": 124,
      "job_number": "72583",
      "line_number": "4",
      "order_item_id": 810
    },
    {
      "type": "matched",
      "row": 126,
      "job_number": "72589",
      "line_number": "1",
      "order_item_id": 811
    },
    {
      "type": "matched",
      "row": 127,
      "job_number": "72590",
      "line_number": "2",
      "order_item_id": 812
    },
    {
      "type": "matched",
      "row": 128,
      "job_number": "72591",
      "line_number": "3",
      "order_item_id": 813
    },
    {
      "type": "matched",
      "row": 129,
      "job_number": "72592",
      "line_number": "4",
      "order_item_id": 814
    },
    {
      "type": "matched",
      "row": 130,
      "job_number": "72593",
      "line_number": "5",
      "order_item_id": 815
    },
    {
      "type": "matched",
      "row": 131,
      "job_number": "72594",
      "line_number": "6",
      "order_item_id": 816
    },
    {
      "type": "matched",
      "row": 132,
      "job_number": "72595",
      "line_number": "7",
      "order_item_id": 817
    },
    {
      "type": "matched",
      "row": 133,
      "job_number": "72596",
      "line_number": "8",
      "order_item_id": 818
    },
    {
      "type": "matched",
      "row": 134,
      "job_number": "72597",
      "line_number": "9",
      "order_item_id": 819
    },
    {
      "type": "matched",
      "row": 135,
      "job_number": "72598",
      "line_number": "10",
      "order_item_id": 820
    },
    {
      "type": "matched",
      "row": 136,
      "job_number": "72599",
      "line_number": "11",
      "order_item_id": 821
    },
    {
      "type": "matched",
      "row": 137,
      "job_number": "73000",
      "line_number": "3A",
      "order_item_id": 1085
    },
    {
      "type": "matched",
      "row": 139,
      "job_number": "72600",
      "line_number": "1",
      "order_item_id": 822
    },
    {
      "type": "matched",
      "row": 140,
      "job_number": "72600",
      "line_number": "2",
      "order_item_id": 823
    },
    {
      "type": "matched",
      "row": 141,
      "job_number": "72601",
      "line_number": "3",
      "order_item_id": 824
    },
    {
      "type": "matched",
      "row": 143,
      "job_number": "72602",
      "line_number": "1",
      "order_item_id": 825
    },
    {
      "type": "matched",
      "row": 144,
      "job_number": "72603",
      "line_number": "2",
      "order_item_id": 826
    },
    {
      "type": "matched",
      "row": 145,
      "job_number": "72604",
      "line_number": "3",
      "order_item_id": 827
    },
    {
      "type": "matched",
      "row": 147,
      "job_number": "72605",
      "line_number": "1",
      "order_item_id": 828
    },
    {
      "type": "matched",
      "row": 148,
      "job_number": "72606",
      "line_number": "2",
      "order_item_id": 829
    },
    {
      "type": "matched",
      "row": 150,
      "job_number": "72621",
      "line_number": "1",
      "order_item_id": 831
    },
    {
      "type": "matched",
      "row": 152,
      "job_number": "72622",
      "line_number": "1",
      "order_item_id": 832
    },
    {
      "type": "matched",
      "row": 153,
      "job_number": "72623",
      "line_number": "2",
      "order_item_id": 833
    },
    {
      "type": "matched",
      "row": 155,
      "job_number": "72624",
      "line_number": "1",
      "order_item_id": 834
    },
    {
      "type": "matched",
      "row": 157,
      "job_number": "72625",
      "line_number": "1",
      "order_item_id": 835
    },
    {
      "type": "matched",
      "row": 158,
      "job_number": "72626",
      "line_number": "2",
      "order_item_id": 836
    },
    {
      "type": "matched",
      "row": 159,
      "job_number": "72627",
      "line_number": "3",
      "order_item_id": 837
    },
    {
      "type": "matched",
      "row": 160,
      "job_number": "72628",
      "line_number": "4",
      "order_item_id": 838
    },
    {
      "type": "matched",
      "row": 161,
      "job_number": "72629",
      "line_number": "5",
      "order_item_id": 839
    },
    {
      "type": "matched",
      "row": 162,
      "job_number": "72630",
      "line_number": "6",
      "order_item_id": 840
    },
    {
      "type": "matched",
      "row": 163,
      "job_number": "72631",
      "line_number": "7",
      "order_item_id": 841
    },
    {
      "type": "matched",
      "row": 164,
      "job_number": "72632",
      "line_number": "8",
      "order_item_id": 842
    },
    {
      "type": "matched",
      "row": 165,
      "job_number": "72633",
      "line_number": "9",
      "order_item_id": 843
    },
    {
      "type": "matched",
      "row": 166,
      "job_number": "72634",
      "line_number": "10",
      "order_item_id": 844
    },
    {
      "type": "matched",
      "row": 167,
      "job_number": "72635",
      "line_number": "11",
      "order_item_id": 845
    },
    {
      "type": "matched",
      "row": 169,
      "job_number": "72638",
      "line_number": "1",
      "order_item_id": 846
    },
    {
      "type": "matched",
      "row": 171,
      "job_number": "72643",
      "line_number": "1",
      "order_item_id": 847
    },
    {
      "type": "matched",
      "row": 173,
      "job_number": "72645",
      "line_number": "1",
      "order_item_id": 848
    },
    {
      "type": "matched",
      "row": 174,
      "job_number": "72646",
      "line_number": "2",
      "order_item_id": 849
    },
    {
      "type": "matched",
      "row": 175,
      "job_number": "72647",
      "line_number": "3",
      "order_item_id": 850
    },
    {
      "type": "matched",
      "row": 177,
      "job_number": "72648",
      "line_number": "1",
      "order_item_id": 851
    },
    {
      "type": "matched",
      "row": 179,
      "job_number": "72651",
      "line_number": "1",
      "order_item_id": 853
    },
    {
      "type": "matched",
      "row": 180,
      "job_number": "72651",
      "line_number": "1A",
      "order_item_id": 1082
    },
    {
      "type": "matched",
      "row": 181,
      "job_number": "72652",
      "line_number": "2",
      "order_item_id": 854
    },
    {
      "type": "matched",
      "row": 182,
      "job_number": "72653",
      "line_number": "3",
      "order_item_id": 855
    },
    {
      "type": "matched",
      "row": 183,
      "job_number": "72654",
      "line_number": "4",
      "order_item_id": 856
    },
    {
      "type": "matched",
      "row": 185,
      "job_number": "72656",
      "line_number": "10",
      "order_item_id": 857
    },
    {
      "type": "matched",
      "row": 186,
      "job_number": "72657",
      "line_number": "20",
      "order_item_id": 858
    },
    {
      "type": "matched",
      "row": 187,
      "job_number": "72674",
      "line_number": "190",
      "order_item_id": 861
    },
    {
      "type": "matched",
      "row": 189,
      "job_number": "72690",
      "line_number": "1",
      "order_item_id": 863
    },
    {
      "type": "matched",
      "row": 190,
      "job_number": "72691",
      "line_number": "2",
      "order_item_id": 864
    },
    {
      "type": "matched",
      "row": 192,
      "job_number": "72692",
      "line_number": "1",
      "order_item_id": 865
    },
    {
      "type": "matched",
      "row": 193,
      "job_number": "72693",
      "line_number": "2",
      "order_item_id": 866
    },
    {
      "type": "matched",
      "row": 194,
      "job_number": "72694",
      "line_number": "3",
      "order_item_id": 867
    },
    {
      "type": "matched",
      "row": 195,
      "job_number": "72695",
      "line_number": "4",
      "order_item_id": 868
    },
    {
      "type": "matched",
      "row": 196,
      "job_number": "72696",
      "line_number": "5",
      "order_item_id": 869
    },
    {
      "type": "matched",
      "row": 197,
      "job_number": "72697",
      "line_number": "6",
      "order_item_id": 870
    },
    {
      "type": "matched",
      "row": 198,
      "job_number": "72698",
      "line_number": "7",
      "order_item_id": 871
    },
    {
      "type": "matched",
      "row": 199,
      "job_number": "72699",
      "line_number": "8",
      "order_item_id": 872
    },
    {
      "type": "matched",
      "row": 200,
      "job_number": "72700",
      "line_number": "10",
      "order_item_id": 873
    },
    {
      "type": "matched",
      "row": 201,
      "job_number": "72701",
      "line_number": "11",
      "order_item_id": 874
    },
    {
      "type": "matched",
      "row": 202,
      "job_number": "72702",
      "line_number": "12",
      "order_item_id": 875
    },
    {
      "type": "matched",
      "row": 203,
      "job_number": "72703",
      "line_number": "13",
      "order_item_id": 876
    },
    {
      "type": "matched",
      "row": 204,
      "job_number": "72704",
      "line_number": "14",
      "order_item_id": 877
    },
    {
      "type": "matched",
      "row": 205,
      "job_number": "72705",
      "line_number": "15",
      "order_item_id": 878
    },
    {
      "type": "matched",
      "row": 206,
      "job_number": "72706",
      "line_number": "16",
      "order_item_id": 879
    },
    {
      "type": "matched",
      "row": 207,
      "job_number": "72707",
      "line_number": "17",
      "order_item_id": 880
    },
    {
      "type": "matched",
      "row": 208,
      "job_number": "72708",
      "line_number": "18",
      "order_item_id": 881
    },
    {
      "type": "matched",
      "row": 210,
      "job_number": "72712",
      "line_number": "10",
      "order_item_id": 882
    },
    {
      "type": "matched",
      "row": 212,
      "job_number": "72713",
      "line_number": "1",
      "order_item_id": 883
    },
    {
      "type": "matched",
      "row": 213,
      "job_number": "72714",
      "line_number": "2",
      "order_item_id": 884
    },
    {
      "type": "matched",
      "row": 214,
      "job_number": "72715",
      "line_number": "3",
      "order_item_id": 885
    },
    {
      "type": "matched",
      "row": 215,
      "job_number": "72716",
      "line_number": "4",
      "order_item_id": 886
    },
    {
      "type": "matched",
      "row": 216,
      "job_number": "72717",
      "line_number": "5",
      "order_item_id": 887
    },
    {
      "type": "matched",
      "row": 217,
      "job_number": "72718",
      "line_number": "6",
      "order_item_id": 888
    },
    {
      "type": "matched",
      "row": 218,
      "job_number": "72719",
      "line_number": "7",
      "order_item_id": 889
    },
    {
      "type": "matched",
      "row": 219,
      "job_number": "72720",
      "line_number": "8",
      "order_item_id": 890
    },
    {
      "type": "matched",
      "row": 220,
      "job_number": "72721",
      "line_number": "9",
      "order_item_id": 891
    },
    {
      "type": "matched",
      "row": 221,
      "job_number": "72722",
      "line_number": "10",
      "order_item_id": 892
    },
    {
      "type": "matched",
      "row": 222,
      "job_number": "72723",
      "line_number": "11",
      "order_item_id": 893
    },
    {
      "type": "matched",
      "row": 223,
      "job_number": "72724",
      "line_number": "12",
      "order_item_id": 894
    },
    {
      "type": "matched",
      "row": 224,
      "job_number": "72725",
      "line_number": "13",
      "order_item_id": 895
    },
    {
      "type": "matched",
      "row": 225,
      "job_number": "72726",
      "line_number": "14",
      "order_item_id": 896
    },
    {
      "type": "matched",
      "row": 226,
      "job_number": "73061",
      "line_number": "3A",
      "order_item_id": 1086
    },
    {
      "type": "matched",
      "row": 227,
      "job_number": "73062",
      "line_number": "11A",
      "order_item_id": 1087
    },
    {
      "type": "matched",
      "row": 229,
      "job_number": "72728",
      "line_number": "1",
      "order_item_id": 897
    },
    {
      "type": "matched",
      "row": 230,
      "job_number": "72729",
      "line_number": "2 + 2A",
      "order_item_id": 1088
    },
    {
      "type": "matched",
      "row": 231,
      "job_number": "72730",
      "line_number": "3",
      "order_item_id": 899
    },
    {
      "type": "matched",
      "row": 232,
      "job_number": "72731",
      "line_number": "4",
      "order_item_id": 900
    },
    {
      "type": "matched",
      "row": 233,
      "job_number": "72732",
      "line_number": "5",
      "order_item_id": 901
    },
    {
      "type": "matched",
      "row": 234,
      "job_number": "72733",
      "line_number": "6",
      "order_item_id": 902
    },
    {
      "type": "matched",
      "row": 235,
      "job_number": "72734",
      "line_number": "7",
      "order_item_id": 903
    },
    {
      "type": "matched",
      "row": 236,
      "job_number": "72735",
      "line_number": "8",
      "order_item_id": 904
    },
    {
      "type": "matched",
      "row": 237,
      "job_number": "72736",
      "line_number": "9",
      "order_item_id": 905
    },
    {
      "type": "matched",
      "row": 239,
      "job_number": "72753",
      "line_number": "1",
      "order_item_id": 906
    },
    {
      "type": "matched",
      "row": 241,
      "job_number": "72775",
      "line_number": "1",
      "order_item_id": 907
    },
    {
      "type": "matched",
      "row": 242,
      "job_number": "72776",
      "line_number": "2",
      "order_item_id": 908
    },
    {
      "type": "matched",
      "row": 243,
      "job_number": "72777",
      "line_number": "3",
      "order_item_id": 909
    },
    {
      "type": "matched",
      "row": 244,
      "job_number": "72778",
      "line_number": "4",
      "order_item_id": 910
    },
    {
      "type": "matched",
      "row": 245,
      "job_number": "72779",
      "line_number": "5",
      "order_item_id": 911
    },
    {
      "type": "matched",
      "row": 246,
      "job_number": "72780",
      "line_number": "6",
      "order_item_id": 912
    },
    {
      "type": "matched",
      "row": 248,
      "job_number": "72786",
      "line_number": "3~4",
      "order_item_id": 1089
    },
    {
      "type": "matched",
      "row": 249,
      "job_number": "72786",
      "line_number": "5~6",
      "order_item_id": 1090
    },
    {
      "type": "matched",
      "row": 250,
      "job_number": "72786",
      "line_number": "7~8",
      "order_item_id": 1091
    },
    {
      "type": "matched",
      "row": 252,
      "job_number": "72811",
      "line_number": "1",
      "order_item_id": 918
    },
    {
      "type": "matched",
      "row": 253,
      "job_number": "72812",
      "line_number": "2",
      "order_item_id": 919
    },
    {
      "type": "matched",
      "row": 254,
      "job_number": "72813",
      "line_number": "3",
      "order_item_id": 920
    },
    {
      "type": "matched",
      "row": 255,
      "job_number": "72814",
      "line_number": "4",
      "order_item_id": 921
    },
    {
      "type": "matched",
      "row": 256,
      "job_number": "72815",
      "line_number": "5",
      "order_item_id": 922
    },
    {
      "type": "matched",
      "row": 257,
      "job_number": "72816",
      "line_number": "6",
      "order_item_id": 923
    },
    {
      "type": "matched",
      "row": 258,
      "job_number": "72817",
      "line_number": "13",
      "order_item_id": 924
    }
  ]
}