{
  "timestamp": "2026-01-27T15:31:48.542Z",
  "duration_ms": 112720,
  "stats": {
    "total_rows": 381,
    "matched_existing": 2,
    "inserted_new": 0,
    "updated_order_item_id": 0,
    "marked_inactive": 0,
    "excel_cells_updated": 2,
    "errors": [
      "[process_row] Assignment to constant variable.",
      "[process_row] Assignment to constant variable.",
      "[process_row] Assignment to constant variable.",
      "[process_row] Assignment to constant variable.",
      "[process_row] Assignment to constant variable.",
      "[process_row] Assignment to constant variable.",
      "[process_row] Assignment to constant variable.",
      "[process_row] Assignment to constant variable.",
      "[process_row] Assignment to constant variable.",
      "[process_row] Assignment to constant variable.",
      "[process_row] Assignment to constant variable.",
      "[process_row] Assignment to constant variable.",
      "[process_row] Assignment to constant variable.",
      "[process_row] Assignment to constant variable.",
      "[process_row] Assignment to constant variable.",
      "[process_row] Assignment to constant variable.",
      "[process_row] Assignment to constant variable.",
      "[process_row] Assignment to constant variable.",
      "[process_row] Assignment to constant variable.",
      "[process_row] Assignment to constant variable.",
      "[process_row] Assignment to constant variable.",
      "[process_row] Assignment to constant variable.",
      "[process_row] Assignment to constant variable.",
      "[process_row] Assignment to constant variable.",
      "[process_row] Assignment to constant variable.",
      "[process_row] Assignment to constant variable.",
      "[process_row] Assignment to constant variable.",
      "[process_row] Assignment to constant variable.",
      "[process_row] Assignment to constant variable.",
      "[process_row] Assignment to constant variable.",
      "[process_row] Assignment to constant variable.",
      "[process_row] Assignment to constant variable.",
      "[process_row] Assignment to constant variable.",
      "[process_row] Assignment to constant variable.",
      "[process_row] Assignment to constant variable.",
      "[process_row] Assignment to constant variable.",
      "[process_row] Assignment to constant variable.",
      "[process_row] Assignment to constant variable.",
      "[process_row] Assignment to constant variable.",
      "[process_row] Assignment to constant variable.",
      "[process_row] Assignment to constant variable.",
      "[process_row] Assignment to constant variable.",
      "[process_row] Assignment to constant variable.",
      "[process_row] Assignment to constant variable.",
      "[process_row] Assignment to constant variable.",
      "[process_row] Assignment to constant variable.",
      "[process_row] Assignment to constant variable.",
      "[process_row] Assignment to constant variable.",
      "[process_row] Assignment to constant variable.",
      "[process_row] Assignment to constant variable.",
      "[process_row] Assignment to constant variable.",
      "[process_row] Assignment to constant variable.",
      "[process_row] Assignment to constant variable.",
      "[process_row] Assignment to constant variable.",
      "[process_row] Assignment to constant variable.",
      "[process_row] Assignment to constant variable.",
      "[process_row] Assignment to constant variable.",
      "[process_row] Assignment to constant variable.",
      "[process_row] Assignment to constant variable.",
      "[process_row] Assignment to constant variable.",
      "[process_row] Assignment to constant variable.",
      "[process_row] Assignment to constant variable.",
      "[process_row] Assignment to constant variable.",
      "[process_row] Assignment to constant variable.",
      "[process_row] Assignment to constant variable.",
      "[process_row] Assignment to constant variable.",
      "[process_row] Assignment to constant variable.",
      "[process_row] Assignment to constant variable.",
      "[process_row] Assignment to constant variable.",
      "[process_row] Assignment to constant variable.",
      "[process_row] Assignment to constant variable.",
      "[process_row] Assignment to constant variable.",
      "[process_row] Assignment to constant variable.",
      "[process_row] Assignment to constant variable.",
      "[process_row] Assignment to constant variable.",
      "[process_row] Assignment to constant variable.",
      "[process_row] Assignment to constant variable.",
      "[process_row] Assignment to constant variable.",
      "[process_row] Assignment to constant variable.",
      "[process_row] Assignment to constant variable.",
      "[process_row] Assignment to constant variable.",
      "[process_row] Assignment to constant variable.",
      "[process_row] Assignment to constant variable.",
      "[process_row] Assignment to constant variable.",
      "[process_row] Assignment to constant variable.",
      "[process_row] Assignment to constant variable.",
      "[process_row] Assignment to constant variable.",
      "[process_row] Assignment to constant variable.",
      "[process_row] Assignment to constant variable.",
      "[process_row] Assignment to constant variable.",
      "[process_row] Assignment to constant variable.",
      "[process_row] Assignment to constant variable.",
      "[process_row] Assignment to constant variable.",
      "[process_row] Assignment to constant variable.",
      "[process_row] Assignment to constant variable.",
      "[process_row] Assignment to constant variable.",
      "[process_row] Assignment to constant variable.",
      "[process_row] Assignment to constant variable.",
      "[process_row] Assignment to constant variable.",
      "[process_row] Assignment to constant variable.",
      "[process_row] Assignment to constant variable.",
      "[process_row] Assignment to constant variable.",
      "[process_row] Assignment to constant variable.",
      "[process_row] Assignment to constant variable.",
      "[process_row] Assignment to constant variable.",
      "[process_row] Assignment to constant variable.",
      "[process_row] Assignment to constant variable.",
      "[process_row] Assignment to constant variable.",
      "[process_row] Assignment to constant variable.",
      "[process_row] Assignment to constant variable.",
      "[process_row] Assignment to constant variable.",
      "[process_row] Assignment to constant variable.",
      "[process_row] Assignment to constant variable.",
      "[process_row] Assignment to constant variable.",
      "[process_row] Assignment to constant variable.",
      "[process_row] Assignment to constant variable.",
      "[process_row] Assignment to constant variable.",
      "[process_row] Assignment to constant variable.",
      "[process_row] Assignment to constant variable.",
      "[process_row] Assignment to constant variable.",
      "[process_row] Assignment to constant variable.",
      "[process_row] Assignment to constant variable.",
      "[process_row] Assignment to constant variable.",
      "[process_row] Assignment to constant variable.",
      "[process_row] Assignment to constant variable.",
      "[process_row] Assignment to constant variable.",
      "[process_row] Assignment to constant variable.",
      "[process_row] Assignment to constant variable.",
      "[process_row] Assignment to constant variable.",
      "[process_row] Assignment to constant variable.",
      "[process_row] Assignment to constant variable.",
      "[process_row] Assignment to constant variable.",
      "[process_row] Assignment to constant variable.",
      "[process_row] Assignment to constant variable.",
      "[process_row] Assignment to constant variable.",
      "[process_row] Assignment to constant variable.",
      "[process_row] Assignment to constant variable.",
      "[process_row] Assignment to constant variable.",
      "[process_row] Assignment to constant variable.",
      "[process_row] Assignment to constant variable.",
      "[process_row] Assignment to constant variable.",
      "[process_row] Assignment to constant variable.",
      "[process_row] Assignment to constant variable.",
      "[process_row] Assignment to constant variable.",
      "[process_row] Assignment to constant variable.",
      "[process_row] Assignment to constant variable.",
      "[process_row] Assignment to constant variable.",
      "[process_row] Assignment to constant variable.",
      "[process_row] Assignment to constant variable.",
      "[process_row] Assignment to constant variable.",
      "[process_row] Assignment to constant variable.",
      "[process_row] Assignment to constant variable.",
      "[process_row] Assignment to constant variable.",
      "[process_row] Assignment to constant variable.",
      "[process_row] Assignment to constant variable.",
      "[process_row] Assignment to constant variable.",
      "[process_row] Assignment to constant variable.",
      "[process_row] Assignment to constant variable.",
      "[process_row] Assignment to constant variable.",
      "[process_row] Assignment to constant variable.",
      "[process_row] Assignment to constant variable.",
      "[process_row] Assignment to constant variable.",
      "[process_row] Assignment to constant variable.",
      "[process_row] Assignment to constant variable.",
      "[process_row] Assignment to constant variable.",
      "[process_row] Assignment to constant variable.",
      "[process_row] Assignment to constant variable.",
      "[process_row] Assignment to constant variable.",
      "[process_row] Assignment to constant variable.",
      "[process_row] Assignment to constant variable.",
      "[process_row] Assignment to constant variable.",
      "[process_row] Assignment to constant variable.",
      "[process_row] Assignment to constant variable.",
      "[process_row] Assignment to constant variable.",
      "[process_row] Assignment to constant variable.",
      "[process_row] Assignment to constant variable.",
      "[process_row] Assignment to constant variable.",
      "[process_row] Assignment to constant variable.",
      "[process_row] Assignment to constant variable.",
      "[process_row] Assignment to constant variable.",
      "[process_row] Assignment to constant variable.",
      "[process_row] Assignment to constant variable.",
      "[process_row] Assignment to constant variable.",
      "[process_row] Assignment to constant variable.",
      "[process_row] Assignment to constant variable.",
      "[process_row] Assignment to constant variable.",
      "[process_row] Assignment to constant variable.",
      "[process_row] Assignment to constant variable.",
      "[process_row] Assignment to constant variable.",
      "[process_row] Assignment to constant variable.",
      "[process_row] Assignment to constant variable.",
      "[process_row] Assignment to constant variable.",
      "[process_row] Assignment to constant variable.",
      "[process_row] Assignment to constant variable.",
      "[process_row] Assignment to constant variable.",
      "[process_row] Assignment to constant variable.",
      "[process_row] Assignment to constant variable.",
      "[process_row] Assignment to constant variable.",
      "[process_row] Assignment to constant variable.",
      "[process_row] Assignment to constant variable.",
      "[process_row] Assignment to constant variable.",
      "[process_row] Assignment to constant variable.",
      "[process_row] Assignment to constant variable.",
      "[process_row] Assignment to constant variable.",
      "[process_row] Assignment to constant variable.",
      "[process_row] Assignment to constant variable.",
      "[process_row] Assignment to constant variable.",
      "[process_row] Assignment to constant variable.",
      "[process_row] Assignment to constant variable.",
      "[process_row] Assignment to constant variable.",
      "[process_row] Assignment to constant variable.",
      "[process_row] Assignment to constant variable.",
      "[process_row] Assignment to constant variable.",
      "[process_row] Assignment to constant variable.",
      "[process_row] Assignment to constant variable.",
      "[process_row] Assignment to constant variable.",
      "[process_row] Assignment to constant variable.",
      "[process_row] Assignment to constant variable.",
      "[process_row] Assignment to constant variable.",
      "[process_row] Assignment to constant variable.",
      "[process_row] Assignment to constant variable.",
      "[process_row] Assignment to constant variable.",
      "[process_row] Assignment to constant variable.",
      "[process_row] Assignment to constant variable.",
      "[process_row] Assignment to constant variable.",
      "[process_row] Assignment to constant variable.",
      "[process_row] Assignment to constant variable.",
      "[process_row] Assignment to constant variable.",
      "[process_row] Assignment to constant variable.",
      "[process_row] Assignment to constant variable.",
      "[process_row] Assignment to constant variable.",
      "[process_row] Assignment to constant variable.",
      "[process_row] Assignment to constant variable.",
      "[process_row] Assignment to constant variable.",
      "[process_row] Assignment to constant variable.",
      "[process_row] Assignment to constant variable.",
      "[process_row] Assignment to constant variable.",
      "[process_row] Assignment to constant variable.",
      "[process_row] Assignment to constant variable.",
      "[process_row] Assignment to constant variable.",
      "[process_row] Assignment to constant variable.",
      "[process_row] Assignment to constant variable.",
      "[process_row] Assignment to constant variable.",
      "[process_row] Assignment to constant variable.",
      "[process_row] Assignment to constant variable.",
      "[process_row] Assignment to constant variable.",
      "[process_row] Assignment to constant variable.",
      "[process_row] Assignment to constant variable.",
      "[process_row] Assignment to constant variable.",
      "[process_row] Assignment to constant variable.",
      "[process_row] Assignment to constant variable.",
      "[process_row] Assignment to constant variable.",
      "[process_row] Assignment to constant variable.",
      "[process_row] Assignment to constant variable.",
      "[process_row] Assignment to constant variable.",
      "[process_row] Assignment to constant variable.",
      "[process_row] Assignment to constant variable.",
      "[process_row] Assignment to constant variable.",
      "[process_row] Assignment to constant variable.",
      "[process_row] Assignment to constant variable.",
      "[process_row] Assignment to constant variable.",
      "[process_row] Assignment to constant variable.",
      "[process_row] Assignment to constant variable.",
      "[process_row] Assignment to constant variable.",
      "[process_row] Assignment to constant variable.",
      "[process_row] Assignment to constant variable.",
      "[process_row] Assignment to constant variable.",
      "[process_row] Assignment to constant variable.",
      "[process_row] Assignment to constant variable.",
      "[process_row] Assignment to constant variable.",
      "[process_row] Assignment to constant variable.",
      "[process_row] Assignment to constant variable.",
      "[process_row] Assignment to constant variable.",
      "[process_row] Assignment to constant variable.",
      "[process_row] Assignment to constant variable.",
      "[process_row] Assignment to constant variable.",
      "[process_row] Assignment to constant variable.",
      "[process_row] Assignment to constant variable.",
      "[process_row] Assignment to constant variable.",
      "[process_row] Assignment to constant variable.",
      "[process_row] Assignment to constant variable.",
      "[process_row] Assignment to constant variable.",
      "[process_row] Assignment to constant variable.",
      "[process_row] Assignment to constant variable.",
      "[process_row] Assignment to constant variable.",
      "[process_row] Assignment to constant variable.",
      "[process_row] Assignment to constant variable.",
      "[process_row] Assignment to constant variable.",
      "[process_row] Assignment to constant variable.",
      "[process_row] Assignment to constant variable.",
      "[process_row] Assignment to constant variable.",
      "[process_row] Assignment to constant variable.",
      "[process_row] Assignment to constant variable.",
      "[process_row] Assignment to constant variable.",
      "[process_row] Assignment to constant variable.",
      "[process_row] Assignment to constant variable.",
      "[process_row] Assignment to constant variable.",
      "[process_row] Assignment to constant variable.",
      "[process_row] Assignment to constant variable.",
      "[process_row] Assignment to constant variable.",
      "[process_row] Assignment to constant variable.",
      "[process_row] Assignment to constant variable.",
      "[process_row] Assignment to constant variable.",
      "[process_row] Assignment to constant variable.",
      "[process_row] Assignment to constant variable.",
      "[process_row] Assignment to constant variable.",
      "[process_row] Assignment to constant variable.",
      "[process_row] Assignment to constant variable.",
      "[process_row] Assignment to constant variable.",
      "[process_row] Assignment to constant variable.",
      "[process_row] Assignment to constant variable.",
      "[process_row] Assignment to constant variable.",
      "[process_row] Assignment to constant variable.",
      "[process_row] Assignment to constant variable.",
      "[process_row] Assignment to constant variable.",
      "[process_row] Assignment to constant variable.",
      "[process_row] Assignment to constant variable.",
      "[process_row] Assignment to constant variable.",
      "[process_row] Assignment to constant variable.",
      "[process_row] Assignment to constant variable.",
      "[process_row] Assignment to constant variable.",
      "[process_row] Assignment to constant variable.",
      "[process_row] Assignment to constant variable.",
      "[process_row] Assignment to constant variable.",
      "[process_row] Assignment to constant variable.",
      "[process_row] Assignment to constant variable.",
      "[process_row] Assignment to constant variable.",
      "[process_row] Assignment to constant variable.",
      "[process_row] Assignment to constant variable.",
      "[process_row] Assignment to constant variable.",
      "[process_row] Assignment to constant variable.",
      "[process_row] Assignment to constant variable.",
      "[process_row] Assignment to constant variable.",
      "[process_row] Assignment to constant variable.",
      "[process_row] Assignment to constant variable.",
      "[process_row] Assignment to constant variable.",
      "[process_row] Assignment to constant variable.",
      "[process_row] Assignment to constant variable.",
      "[process_row] Assignment to constant variable.",
      "[process_row] Assignment to constant variable.",
      "[process_row] Assignment to constant variable.",
      "[process_row] Assignment to constant variable.",
      "[process_row] Assignment to constant variable.",
      "[process_row] Assignment to constant variable.",
      "[process_row] Assignment to constant variable.",
      "[process_row] Assignment to constant variable.",
      "[process_row] Assignment to constant variable.",
      "[process_row] Assignment to constant variable.",
      "[process_row] Assignment to constant variable.",
      "[process_row] Assignment to constant variable.",
      "[process_row] Assignment to constant variable.",
      "[process_row] Assignment to constant variable.",
      "[process_row] Assignment to constant variable.",
      "[process_row] Assignment to constant variable.",
      "[process_row] Assignment to constant variable.",
      "[process_row] Assignment to constant variable.",
      "[process_row] Assignment to constant variable.",
      "[process_row] Assignment to constant variable.",
      "[process_row] Assignment to constant variable.",
      "[process_row] Assignment to constant variable.",
      "[process_row] Assignment to constant variable.",
      "[process_row] Assignment to constant variable.",
      "[process_row] Assignment to constant variable.",
      "[process_row] Assignment to constant variable.",
      "[process_row] Assignment to constant variable.",
      "[process_row] Assignment to constant variable.",
      "[process_row] Assignment to constant variable.",
      "[process_row] Assignment to constant variable.",
      "[process_row] Assignment to constant variable.",
      "[process_row] Assignment to constant variable.",
      "[process_row] Assignment to constant variable.",
      "[process_row] Assignment to constant variable.",
      "[process_row] Assignment to constant variable.",
      "[process_row] Assignment to constant variable.",
      "[process_row] Assignment to constant variable.",
      "[process_row] Assignment to constant variable.",
      "[process_row] Assignment to constant variable.",
      "[process_row] Assignment to constant variable.",
      "[process_row] Assignment to constant variable.",
      "[mark_inactive] Assignment to constant variable."
    ],
    "warnings": []
  },
  "details": [
    {
      "type": "process_row",
      "status": "error",
      "message": "[process_row] Assignment to constant variable.",
      "oe_number": "37721",
      "line_number": "2"
    },
    {
      "type": "process_row",
      "status": "error",
      "message": "[process_row] Assignment to constant variable.",
      "oe_number": "37721",
      "line_number": "4"
    },
    {
      "type": "process_row",
      "status": "error",
      "message": "[process_row] Assignment to constant variable.",
      "oe_number": "37832",
      "line_number": "1"
    },
    {
      "type": "process_row",
      "status": "error",
      "message": "[process_row] Assignment to constant variable.",
      "oe_number": "37832",
      "line_number": "2"
    },
    {
      "type": "process_row",
      "status": "error",
      "message": "[process_row] Assignment to constant variable.",
      "oe_number": "37832",
      "line_number": "3"
    },
    {
      "type": "process_row",
      "status": "error",
      "message": "[process_row] Assignment to constant variable.",
      "oe_number": "37832",
      "line_number": "4"
    },
    {
      "type": "process_row",
      "status": "error",
      "message": "[process_row] Assignment to constant variable.",
      "oe_number": "37832",
      "line_number": "5"
    },
    {
      "type": "process_row",
      "status": "error",
      "message": "[process_row] Assignment to constant variable.",
      "oe_number": "37832",
      "line_number": "6"
    },
    {
      "type": "process_row",
      "status": "error",
      "message": "[process_row] Assignment to constant variable.",
      "oe_number": "37979",
      "line_number": "1"
    },
    {
      "type": "process_row",
      "status": "error",
      "message": "[process_row] Assignment to constant variable.",
      "oe_number": "38123",
      "line_number": "21"
    },
    {
      "type": "process_row",
      "status": "error",
      "message": "[process_row] Assignment to constant variable.",
      "oe_number": "38502",
      "line_number": "1"
    },
    {
      "type": "process_row",
      "status": "error",
      "message": "[process_row] Assignment to constant variable.",
      "oe_number": "38502",
      "line_number": "2"
    },
    {
      "type": "process_row",
      "status": "error",
      "message": "[process_row] Assignment to constant variable.",
      "oe_number": "38539",
      "line_number": "1"
    },
    {
      "type": "process_row",
      "status": "error",
      "message": "[process_row] Assignment to constant variable.",
      "oe_number": "38559",
      "line_number": "1"
    },
    {
      "type": "process_row",
      "status": "error",
      "message": "[process_row] Assignment to constant variable.",
      "oe_number": "38608",
      "line_number": "1"
    },
    {
      "type": "process_row",
      "status": "error",
      "message": "[process_row] Assignment to constant variable.",
      "oe_number": "38608",
      "line_number": "2"
    },
    {
      "type": "process_row",
      "status": "error",
      "message": "[process_row] Assignment to constant variable.",
      "oe_number": "38608",
      "line_number": "4"
    },
    {
      "type": "process_row",
      "status": "error",
      "message": "[process_row] Assignment to constant variable.",
      "oe_number": "38608",
      "line_number": "5"
    },
    {
      "type": "process_row",
      "status": "error",
      "message": "[process_row] Assignment to constant variable.",
      "oe_number": "38608",
      "line_number": "6"
    },
    {
      "type": "process_row",
      "status": "error",
      "message": "[process_row] Assignment to constant variable.",
      "oe_number": "38619",
      "line_number": "1"
    },
    {
      "type": "process_row",
      "status": "error",
      "message": "[process_row] Assignment to constant variable.",
      "oe_number": "38636",
      "line_number": "2"
    },
    {
      "type": "process_row",
      "status": "error",
      "message": "[process_row] Assignment to constant variable.",
      "oe_number": "38644",
      "line_number": "7"
    },
    {
      "type": "process_row",
      "status": "error",
      "message": "[process_row] Assignment to constant variable.",
      "oe_number": "38644",
      "line_number": "8"
    },
    {
      "type": "process_row",
      "status": "error",
      "message": "[process_row] Assignment to constant variable.",
      "oe_number": "38644",
      "line_number": "9"
    },
    {
      "type": "process_row",
      "status": "error",
      "message": "[process_row] Assignment to constant variable.",
      "oe_number": "38644",
      "line_number": "10"
    },
    {
      "type": "matched",
      "status": "success",
      "oe_number": "38644",
      "line_number": "11",
      "order_item_id": 747
    },
    {
      "type": "process_row",
      "status": "error",
      "message": "[process_row] Assignment to constant variable.",
      "oe_number": "38647",
      "line_number": "1"
    },
    {
      "type": "process_row",
      "status": "error",
      "message": "[process_row] Assignment to constant variable.",
      "oe_number": "38669",
      "line_number": "1"
    },
    {
      "type": "process_row",
      "status": "error",
      "message": "[process_row] Assignment to constant variable.",
      "oe_number": "38672",
      "line_number": "1"
    },
    {
      "type": "process_row",
      "status": "error",
      "message": "[process_row] Assignment to constant variable.",
      "oe_number": "38672",
      "line_number": "2"
    },
    {
      "type": "process_row",
      "status": "error",
      "message": "[process_row] Assignment to constant variable.",
      "oe_number": "38672",
      "line_number": "5"
    },
    {
      "type": "process_row",
      "status": "error",
      "message": "[process_row] Assignment to constant variable.",
      "oe_number": "38673",
      "line_number": "1"
    },
    {
      "type": "process_row",
      "status": "error",
      "message": "[process_row] Assignment to constant variable.",
      "oe_number": "38673",
      "line_number": "2"
    },
    {
      "type": "process_row",
      "status": "error",
      "message": "[process_row] Assignment to constant variable.",
      "oe_number": "38740",
      "line_number": "1"
    },
    {
      "type": "process_row",
      "status": "error",
      "message": "[process_row] Assignment to constant variable.",
      "oe_number": "38740",
      "line_number": "2"
    },
    {
      "type": "process_row",
      "status": "error",
      "message": "[process_row] Assignment to constant variable.",
      "oe_number": "38740",
      "line_number": "5"
    },
    {
      "type": "process_row",
      "status": "error",
      "message": "[process_row] Assignment to constant variable.",
      "oe_number": "38744",
      "line_number": "1"
    },
    {
      "type": "process_row",
      "status": "error",
      "message": "[process_row] Assignment to constant variable.",
      "oe_number": "38758",
      "line_number": "1"
    },
    {
      "type": "process_row",
      "status": "error",
      "message": "[process_row] Assignment to constant variable.",
      "oe_number": "38758",
      "line_number": "2"
    },
    {
      "type": "process_row",
      "status": "error",
      "message": "[process_row] Assignment to constant variable.",
      "oe_number": "38758",
      "line_number": "4"
    },
    {
      "type": "process_row",
      "status": "error",
      "message": "[process_row] Assignment to constant variable.",
      "oe_number": "38759",
      "line_number": "1"
    },
    {
      "type": "process_row",
      "status": "error",
      "message": "[process_row] Assignment to constant variable.",
      "oe_number": "38759",
      "line_number": "2"
    },
    {
      "type": "process_row",
      "status": "error",
      "message": "[process_row] Assignment to constant variable.",
      "oe_number": "38759",
      "line_number": "4"
    },
    {
      "type": "process_row",
      "status": "error",
      "message": "[process_row] Assignment to constant variable.",
      "oe_number": "38759",
      "line_number": "5"
    },
    {
      "type": "process_row",
      "status": "error",
      "message": "[process_row] Assignment to constant variable.",
      "oe_number": "38759",
      "line_number": "6"
    },
    {
      "type": "process_row",
      "status": "error",
      "message": "[process_row] Assignment to constant variable.",
      "oe_number": "C.O.D",
      "line_number": "1"
    },
    {
      "type": "process_row",
      "status": "error",
      "message": "[process_row] Assignment to constant variable.",
      "oe_number": "C.O.D",
      "line_number": "2"
    },
    {
      "type": "process_row",
      "status": "error",
      "message": "[process_row] Assignment to constant variable.",
      "oe_number": "C.O.D",
      "line_number": "3"
    },
    {
      "type": "process_row",
      "status": "error",
      "message": "[process_row] Assignment to constant variable.",
      "oe_number": "C.O.D",
      "line_number": "4"
    },
    {
      "type": "process_row",
      "status": "error",
      "message": "[process_row] Assignment to constant variable.",
      "oe_number": "C.O.D",
      "line_number": "5"
    },
    {
      "type": "process_row",
      "status": "error",
      "message": "[process_row] Assignment to constant variable.",
      "oe_number": "C.O.D",
      "line_number": "6"
    },
    {
      "type": "process_row",
      "status": "error",
      "message": "[process_row] Assignment to constant variable.",
      "oe_number": "38785",
      "line_number": "1"
    },
    {
      "type": "process_row",
      "status": "error",
      "message": "[process_row] Assignment to constant variable.",
      "oe_number": "38785",
      "line_number": "2"
    },
    {
      "type": "process_row",
      "status": "error",
      "message": "[process_row] Assignment to constant variable.",
      "oe_number": "38785",
      "line_number": "3"
    },
    {
      "type": "process_row",
      "status": "error",
      "message": "[process_row] Assignment to constant variable.",
      "oe_number": "38785",
      "line_number": "4"
    },
    {
      "type": "process_row",
      "status": "error",
      "message": "[process_row] Assignment to constant variable.",
      "oe_number": "38785",
      "line_number": "5"
    },
    {
      "type": "process_row",
      "status": "error",
      "message": "[process_row] Assignment to constant variable.",
      "oe_number": "38785",
      "line_number": "6"
    },
    {
      "type": "process_row",
      "status": "error",
      "message": "[process_row] Assignment to constant variable.",
      "oe_number": "38785",
      "line_number": "7"
    },
    {
      "type": "process_row",
      "status": "error",
      "message": "[process_row] Assignment to constant variable.",
      "oe_number": "38785",
      "line_number": "8"
    },
    {
      "type": "process_row",
      "status": "error",
      "message": "[process_row] Assignment to constant variable.",
      "oe_number": "38785",
      "line_number": "9"
    },
    {
      "type": "process_row",
      "status": "error",
      "message": "[process_row] Assignment to constant variable.",
      "oe_number": "38804",
      "line_number": "1"
    },
    {
      "type": "process_row",
      "status": "error",
      "message": "[process_row] Assignment to constant variable.",
      "oe_number": "38804",
      "line_number": "2"
    },
    {
      "type": "process_row",
      "status": "error",
      "message": "[process_row] Assignment to constant variable.",
      "oe_number": "38804",
      "line_number": "3"
    },
    {
      "type": "process_row",
      "status": "error",
      "message": "[process_row] Assignment to constant variable.",
      "oe_number": "38804",
      "line_number": "4"
    },
    {
      "type": "process_row",
      "status": "error",
      "message": "[process_row] Assignment to constant variable.",
      "oe_number": "38804",
      "line_number": "5"
    },
    {
      "type": "process_row",
      "status": "error",
      "message": "[process_row] Assignment to constant variable.",
      "oe_number": "38804",
      "line_number": "6"
    },
    {
      "type": "process_row",
      "status": "error",
      "message": "[process_row] Assignment to constant variable.",
      "oe_number": "38804",
      "line_number": "7"
    },
    {
      "type": "process_row",
      "status": "error",
      "message": "[process_row] Assignment to constant variable.",
      "oe_number": "38804",
      "line_number": "8"
    },
    {
      "type": "process_row",
      "status": "error",
      "message": "[process_row] Assignment to constant variable.",
      "oe_number": "38804",
      "line_number": "9"
    },
    {
      "type": "process_row",
      "status": "error",
      "message": "[process_row] Assignment to constant variable.",
      "oe_number": "38825",
      "line_number": "1"
    },
    {
      "type": "process_row",
      "status": "error",
      "message": "[process_row] Assignment to constant variable.",
      "oe_number": "38825",
      "line_number": "2"
    },
    {
      "type": "process_row",
      "status": "error",
      "message": "[process_row] Assignment to constant variable.",
      "oe_number": "38835",
      "line_number": "1"
    },
    {
      "type": "process_row",
      "status": "error",
      "message": "[process_row] Assignment to constant variable.",
      "oe_number": "38848",
      "line_number": "1"
    },
    {
      "type": "process_row",
      "status": "error",
      "message": "[process_row] Assignment to constant variable.",
      "oe_number": "38848",
      "line_number": "2"
    },
    {
      "type": "process_row",
      "status": "error",
      "message": "[process_row] Assignment to constant variable.",
      "oe_number": "38848",
      "line_number": "3"
    },
    {
      "type": "process_row",
      "status": "error",
      "message": "[process_row] Assignment to constant variable.",
      "oe_number": "38865",
      "line_number": "1"
    },
    {
      "type": "process_row",
      "status": "error",
      "message": "[process_row] Assignment to constant variable.",
      "oe_number": "38865",
      "line_number": "2"
    },
    {
      "type": "process_row",
      "status": "error",
      "message": "[process_row] Assignment to constant variable.",
      "oe_number": "38867",
      "line_number": "1"
    },
    {
      "type": "process_row",
      "status": "error",
      "message": "[process_row] Assignment to constant variable.",
      "oe_number": "38885",
      "line_number": "1"
    },
    {
      "type": "process_row",
      "status": "error",
      "message": "[process_row] Assignment to constant variable.",
      "oe_number": "38898",
      "line_number": "1"
    },
    {
      "type": "process_row",
      "status": "error",
      "message": "[process_row] Assignment to constant variable.",
      "oe_number": "38899",
      "line_number": "50"
    },
    {
      "type": "process_row",
      "status": "error",
      "message": "[process_row] Assignment to constant variable.",
      "oe_number": "38906",
      "line_number": "1"
    },
    {
      "type": "process_row",
      "status": "error",
      "message": "[process_row] Assignment to constant variable.",
      "oe_number": "38906",
      "line_number": "2"
    },
    {
      "type": "process_row",
      "status": "error",
      "message": "[process_row] Assignment to constant variable.",
      "oe_number": "38906",
      "line_number": "3"
    },
    {
      "type": "process_row",
      "status": "error",
      "message": "[process_row] Assignment to constant variable.",
      "oe_number": "38906",
      "line_number": "4"
    },
    {
      "type": "process_row",
      "status": "error",
      "message": "[process_row] Assignment to constant variable.",
      "oe_number": "38932",
      "line_number": "6"
    },
    {
      "type": "process_row",
      "status": "error",
      "message": "[process_row] Assignment to constant variable.",
      "oe_number": "38933",
      "line_number": "5"
    },
    {
      "type": "process_row",
      "status": "error",
      "message": "[process_row] Assignment to constant variable.",
      "oe_number": "38935",
      "line_number": "1"
    },
    {
      "type": "process_row",
      "status": "error",
      "message": "[process_row] Assignment to constant variable.",
      "oe_number": "38935",
      "line_number": "2"
    },
    {
      "type": "process_row",
      "status": "error",
      "message": "[process_row] Assignment to constant variable.",
      "oe_number": "38946",
      "line_number": "10"
    },
    {
      "type": "process_row",
      "status": "error",
      "message": "[process_row] Assignment to constant variable.",
      "oe_number": "38963",
      "line_number": "1 + 2"
    },
    {
      "type": "process_row",
      "status": "error",
      "message": "[process_row] Assignment to constant variable.",
      "oe_number": "38963",
      "line_number": "3 + 4"
    },
    {
      "type": "process_row",
      "status": "error",
      "message": "[process_row] Assignment to constant variable.",
      "oe_number": "38963",
      "line_number": "5 + 6"
    },
    {
      "type": "process_row",
      "status": "error",
      "message": "[process_row] Assignment to constant variable.",
      "oe_number": "38966",
      "line_number": "1"
    },
    {
      "type": "process_row",
      "status": "error",
      "message": "[process_row] Assignment to constant variable.",
      "oe_number": "38966",
      "line_number": "2"
    },
    {
      "type": "process_row",
      "status": "error",
      "message": "[process_row] Assignment to constant variable.",
      "oe_number": "38966",
      "line_number": "3"
    },
    {
      "type": "process_row",
      "status": "error",
      "message": "[process_row] Assignment to constant variable.",
      "oe_number": "38966",
      "line_number": "4"
    },
    {
      "type": "process_row",
      "status": "error",
      "message": "[process_row] Assignment to constant variable.",
      "oe_number": "38970",
      "line_number": "1"
    },
    {
      "type": "process_row",
      "status": "error",
      "message": "[process_row] Assignment to constant variable.",
      "oe_number": "38970",
      "line_number": "2"
    },
    {
      "type": "process_row",
      "status": "error",
      "message": "[process_row] Assignment to constant variable.",
      "oe_number": "38970",
      "line_number": "3"
    }
  ]
}